Microsoft (R) Macro Assembler Version 5.10                  10/9/13 26:20:12
                                                             Page     1-1


       1				;ЛАБ №3 ЗАДАНИЕ 2 МОДУЛЬ M2 (см. модуль
					 M1)
       2 0000				Data	SEGMENT PUBLIC 'DATA'
       3 0000  0D 0A 41 32 24			A2	DB   13, 10, 'A2$' 
       4 0005				Data	ENDS
       5				
       6 0000				Code	SEGMENT BYTE PUBLIC
       7						ASSUME  CS:Code, DS:Dat
					a
       8 0000					PP2	PROC 
       9 0000  B8 ---- R				MOV		AX,DATA
					 
      10 0003  8E D8					MOV		DS,AX  
					               
      11 0005  BA 0000 R				MOV		DX,OFFS
					ET A2 ;DS:DX - адрес строки
      12 0008  B4 09					MOV		AH,9   
					         
      13 000A  CD 21					INT		21H    
					         
      14 000C  B4 07					MOV		AH,7   
					               
      15 000E  CD 21					INT		21h    
					       
      16 0010  B4 4C					MOV		AH,4Ch
      17 0012  CD 21					INT		21H
      18 0014					PP2	ENDP
      19 0014				Code	ENDS
      20					END
Microsoft (R) Macro Assembler Version 5.10                  10/9/13 26:20:12
                                                             Symbols-1


Segments and Groups:

                N a m e         	Length	 Align	Combine Class

CODE . . . . . . . . . . . . . .  	0014	BYTE	PUBLIC	
DATA . . . . . . . . . . . . . .  	0005	PARA	PUBLIC	'DATA'

Symbols:            

                N a m e         	Type	 Value	 Attr

A2 . . . . . . . . . . . . . . .  	L BYTE	0000	DATA

PP2  . . . . . . . . . . . . . .  	N PROC	0000	CODE	Length = 0014

@CPU . . . . . . . . . . . . . .  	TEXT  0101h		
@FILENAME  . . . . . . . . . . .  	TEXT  l2m2		
@VERSION . . . . . . . . . . . .  	TEXT  510		


     20 Source  Lines
     20 Total   Lines
     13 Symbols

  47490 + 463865 Bytes symbol space free

      0 Warning Errors
      0 Severe  Errors
