Microsoft (R) Macro Assembler Version 5.10                  10/9/13 14:12:43
                                                             Page     1-1


       1				;À¿¡ π3 «¿ƒ¿Õ»≈ 5 ÃŒƒ”À‹ M2 (ÒÏ. ÏÓ‰ÛÎ¸
					 M1)
       2 0000				DSEG	SEGMENT COMMON
       3 0000  000C[				DB	12 DUP(?)
       4	   ??			
       5			 ]	
       6				
       7 000C  00				A	DB	?
       8 000D				DSEG ENDS
       9				
      10				PUBLIC	M2
      11 0000				CSEG	SEGMENT 
      12						ASSUME CS:CSEG, DS:DSEG
      13 0000				M2:
      14 0000  B4 02				MOV		AH,2
      15 0002  8A 16 000C R			MOV		DL,A
      16 0006  CD 21				INT		21H
      17 0008  B4 4C				MOV		AH,4CH
      18 000A  CD 21				INT		21H
      19 000C				CSEG	ENDS
      20					END 
Microsoft (R) Macro Assembler Version 5.10                  10/9/13 14:12:43
                                                             Symbols-1


Segments and Groups:

                N a m e         	Length	 Align	Combine Class

CSEG . . . . . . . . . . . . . .  	000C	PARA	NONE	
DSEG . . . . . . . . . . . . . .  	000D	PARA	COMMON	

Symbols:            

                N a m e         	Type	 Value	 Attr

A  . . . . . . . . . . . . . . .  	L BYTE	000C	DSEG

M2 . . . . . . . . . . . . . . .  	L NEAR	0000	CSEG	Global

@CPU . . . . . . . . . . . . . .  	TEXT  0101h		
@FILENAME  . . . . . . . . . . .  	TEXT  l5m2		
@VERSION . . . . . . . . . . . .  	TEXT  510		


     17 Source  Lines
     17 Total   Lines
     13 Symbols

  47530 + 463825 Bytes symbol space free

      0 Warning Errors
      0 Severe  Errors
