Microsoft (R) Macro Assembler Version 5.10                  9/19/13 12:39:31
ПРОГРАММА #1                                                Page     1-1


       1				TITLE           ПРОГРАММА #1
       2				
       3 0000					SSTACK	SEGMENT PARA STACK  'ST
					ACK'
       4 0000  0040[						DB   64 DUP('СТ
					ЕК____')
       5	   D1 D2 C5 CA 5F	
       6	   5F 5F 5F		
       7			 ]	
       8				
       9 0200					SSTACK	ENDS
      10				
      11 0000					DSEG	SEGMENT  PARA PUBLIC 'D
					ATA'
      12 0000  41				CA		DB      'A'
      13 0001  36 35				KA		DB      '65'
      14 0003  73 79 6D 62 6F 6C		TXT		DB      'symbol
					 "'
      15       20 22			
      16 000B  00				C$		DB      ?
      17 000C  22 20 68 61 73 20				DB      '" has 
					code '
      18       63 6F 64 65 20		
      19 0017  00			    KCH1	DB      ?
      20 0018  00			    KCH2	DB      ?
      21 0019  0A 0D 24						DB      10,13,'
					$'
      22 001C  53 54 41 52 54 0D	    MSG0	DB      'START',13,10,'
					$'
      23       0A 24			
      24 0024  45 4E 44 0D 0A 24	    MSG1	DB      'END',13,10,'$'
      25 002A					DSEG	ENDS
      26				
      27				SUBTTL         ОСНОВНАЯ ПРОГРАММА
Microsoft (R) Macro Assembler Version 5.10                  9/19/13 12:39:31
ПРОГРАММА #1                                                Page     1-2
ОСНОВНАЯ ПРОГРАММА                                          

      28				PAGE
      29 0000					CSEG	SEGMENT PARA PUBLIC 'CO
					DE'
      30							ASSUME CS:CSEG,
					DS:DSEG,SS:SSTACK
      31				
      32 0000					BEGIN	PROC FAR
      33					; занести в стек такие начальны
					е значения, чтобы программа
      34					; могла возвратить управление M
					S DOS (отладчику) по RET.
      35 0000  1E						PUSH  DS ; поме
					стить в стек номер параграфа адреса воз
					врата
      36 0001  B8 0000						MOV  AX,0
      37 0004  50						PUSH  AX
      38				
      39					; загрузить адрес сегмента данн
					ых DS
      40 0005  B8 ---- R			M1:		MOV  AX,DSEG
      41 0008  8E D8						MOV  DS,AX
      42				
      43					; вывод текста "НАЧАЛО РАБОТЫ"
      44 000A  B4 09				M2:		MOV  AH,9
      45 000C  BA 001C R					MOV  DX,OFFSET 
					MSG0
      46 000F  CD 21						INT  21H
      47				
      48					; вывод стоки "СИМВОЛ 'A' имеет
					 код 65"
      49 0011  A0 0000 R			MA:		MOV  AL,CA
      50 0014  A2 000B R					MOV  C$,AL
      51 0017  A1 0001 R					MOV  AX,WORD PT
					R KA
      52 001A  A3 0017 R					MOV  WORD PTR K
					CH1,AX
      53 001D  B4 09						MOV  AH,9
      54 001F  BA 0003 R					MOV DX,OFFSET T
					XT
      55 0022  CD 21						INT  21H
      56				
      57					; вывод стоки "СИМВОЛ 'B' имеет
					 код 66"
      58 0024  FE 06 000B R			MB:		INC  C$
      59 0028  FE 06 0018 R					INC  KCH1+1
      60 002C  CD 21						INT  21H
      61				
      62					; вывод стоки "СИМВОЛ 'C' имеет
					 код 67"
      63 002E  FE 06 000B R			MC:		INC  C$
      64 0032  FE 06 0018 R					INC  KCH1+1
      65 0036  CD 21						INT  21H
      66				
      67					; вывод текста "КОНЕЦ  РАБОТЫ"
Microsoft (R) Macro Assembler Version 5.10                  9/19/13 12:39:31
ПРОГРАММА #1                                                Page     1-3
ОСНОВНАЯ ПРОГРАММА                                          

      68 0038  B4 09				M3:		MOV  AH,9
      69 003A  BA 0024 R					MOV  DX,OFFSET 
					MSG1
      70 003D  CD 21						INT  21H
      71				
      72					; возвратить управление MS DOS 
					(отладчику)
      73 003F  CB						RET
      74 0040					BEGIN	ENDP
      75				
      76 0040					CSEG	ENDS
      77							END  BEGIN
Microsoft (R) Macro Assembler Version 5.10                  9/19/13 12:39:31
ПРОГРАММА #1                                                Symbols-1


Segments and Groups:

                N a m e         	Length	 Align	Combine Class

CSEG . . . . . . . . . . . . . .  	0040	PARA	PUBLIC	'CODE'
DSEG . . . . . . . . . . . . . .  	002A	PARA	PUBLIC	'DATA'
SSTACK . . . . . . . . . . . . .  	0200	PARA	STACK	'STACK'

Symbols:            

                N a m e         	Type	 Value	 Attr

BEGIN  . . . . . . . . . . . . .  	F PROC	0000	CSEG	Length = 0040

C$ . . . . . . . . . . . . . . .  	L BYTE	000B	DSEG
CA . . . . . . . . . . . . . . .  	L BYTE	0000	DSEG

KA . . . . . . . . . . . . . . .  	L BYTE	0001	DSEG
KCH1 . . . . . . . . . . . . . .  	L BYTE	0017	DSEG
KCH2 . . . . . . . . . . . . . .  	L BYTE	0018	DSEG

M1 . . . . . . . . . . . . . . .  	L NEAR	0005	CSEG
M2 . . . . . . . . . . . . . . .  	L NEAR	000A	CSEG
M3 . . . . . . . . . . . . . . .  	L NEAR	0038	CSEG
MA . . . . . . . . . . . . . . .  	L NEAR	0011	CSEG
MB . . . . . . . . . . . . . . .  	L NEAR	0024	CSEG
MC . . . . . . . . . . . . . . .  	L NEAR	002E	CSEG
MSG0 . . . . . . . . . . . . . .  	L BYTE	001C	DSEG
MSG1 . . . . . . . . . . . . . .  	L BYTE	0024	DSEG

TXT  . . . . . . . . . . . . . .  	L BYTE	0003	DSEG

@CPU . . . . . . . . . . . . . .  	TEXT  0101h		
@FILENAME  . . . . . . . . . . .  	TEXT  lab2		
@VERSION . . . . . . . . . . . .  	TEXT  510		


     70 Source  Lines
     70 Total   Lines
     30 Symbols

  47448 + 459812 Bytes symbol space free

      0 Warning Errors
      0 Severe  Errors
